build/app/outputs/mapping/release/mapping.txt
# compiler: R8
# compiler_version: 2.1.62
# min_api: 16
# pg_map_id: 658b77e
# common_typos_disable
...
io.flutter.embedding.engine.FlutterEngineConnectionRegistry$FlutterEngineServicePluginBinding -> io.flutter.embedding.engine.c$f:
io.flutter.embedding.engine.FlutterJNI$AccessibilityDelegate -> io.flutter.embedding.engine.FlutterJNI$a:
    void updateCustomAccessibilityActions(java.nio.ByteBuffer,java.lang.String[]) -> a
    void updateSemantics(java.nio.ByteBuffer,java.lang.String[]) -> c
io.flutter.embedding.engine.FlutterJNI$AsyncWaitForVsyncDelegate -> io.flutter.embedding.engine.FlutterJNI$b:
    void asyncWaitForVsync(long) -> a
io.flutter.embedding.engine.FlutterShellArgs -> io.flutter.embedding.engine.d:
    java.util.Set args -> a
    io.flutter.embedding.engine.FlutterShellArgs fromIntent(android.content.Intent) -> a
    java.lang.String[] toArray() -> b
io.flutter.embedding.engine.dart.DartExecutor -> io.flutter.embedding.engine.e.a:
    io.flutter.embedding.engine.FlutterJNI flutterJNI -> a
    io.flutter.embedding.engine.dart.DartExecutor$IsolateServiceIdListener isolateServiceIdListener -> g
    java.lang.String isolateServiceId -> f
    io.flutter.embedding.engine.dart.DartMessenger dartMessenger -> c
    io.flutter.plugin.common.BinaryMessenger$BinaryMessageHandler isolateChannelMessageHandler -> h
    android.content.res.AssetManager assetManager -> b
    boolean isApplicationRunning -> e
    io.flutter.plugin.common.BinaryMessenger binaryMessenger -> d
    void send(java.lang.String,java.nio.ByteBuffer,io.flutter.plugin.common.BinaryMessenger$BinaryReply) -> a
    java.lang.String access$000(io.flutter.embedding.engine.dart.DartExecutor) -> b
    java.lang.String access$002(io.flutter.embedding.engine.dart.DartExecutor,java.lang.String) -> c
    void setMessageHandler(java.lang.String,io.flutter.plugin.common.BinaryMessenger$BinaryMessageHandler) -> d
    io.flutter.embedding.engine.dart.DartExecutor$IsolateServiceIdListener access$100(io.flutter.embedding.engine.dart.DartExecutor) -> e
    void executeDartEntrypoint(io.flutter.embedding.engine.dart.DartExecutor$DartEntrypoint) -> f
    java.lang.String getIsolateServiceId() -> g
    boolean isExecutingDart() -> h
    void notifyLowMemoryWarning() -> i
    void onAttachedToJNI() -> j
    void onDetachedFromJNI() -> k
io.flutter.embedding.engine.dart.DartExecutor$1 -> io.flutter.embedding.engine.e.a$a:
    io.flutter.embedding.engine.dart.DartExecutor this$0 -> a
    void onMessage(java.nio.ByteBuffer,io.flutter.plugin.common.BinaryMessenger$BinaryReply) -> a
io.flutter.embedding.engine.dart.DartExecutor$DartEntrypoint -> io.flutter.embedding.engine.e.a$b:
    java.lang.String pathToBundle -> a
    java.lang.String dartEntrypointFunctionName -> c
    java.lang.String dartEntrypointLibrary -> b
io.flutter.embedding.engine.dart.DartExecutor$DefaultBinaryMessenger -> io.flutter.embedding.engine.e.a$c:
    io.flutter.embedding.engine.dart.DartMessenger messenger -> a
    void send(java.lang.String,java.nio.ByteBuffer,io.flutter.plugin.common.BinaryMessenger$BinaryReply) -> a
    void setMessageHandler(java.lang.String,io.flutter.plugin.common.BinaryMessenger$BinaryMessageHandler) -> d
io.flutter.embedding.engine.dart.DartExecutor$IsolateServiceIdListener -> io.flutter.embedding.engine.e.a$d:
    void onIsolateServiceIdAvailable(java.lang.String) -> a
io.flutter.embedding.engine.dart.DartMessenger -> io.flutter.embedding.engine.e.b:
    io.flutter.embedding.engine.FlutterJNI flutterJNI -> a
    java.util.Map messageHandlers -> b
    java.util.Map pendingReplies -> c
    int nextReplyId -> d
    void send(java.lang.String,java.nio.ByteBuffer,io.flutter.plugin.common.BinaryMessenger$BinaryReply) -> a
    void handlePlatformMessageResponse(int,byte[]) -> b
    void handleMessageFromDart(java.lang.String,byte[],int) -> c
    void setMessageHandler(java.lang.String,io.flutter.plugin.common.BinaryMessenger$BinaryMessageHandler) -> d
    void handleError(java.lang.Error) -> e