build/app/outputs/mapping/release/usage.txt
com.example.untitled1.R$integer
com.example.untitled1.R$styleable
com.example.untitled1.R$color
com.example.untitled1.R$mipmap
com.example.untitled1.R$attr
com.example.untitled1.BuildConfig
com.example.untitled1.R$style
com.example.untitled1.R
com.example.untitled1.R$id
com.example.untitled1.R$layout
com.example.untitled1.R$dimen
com.example.untitled1.R$drawable
com.example.untitled1.R$string
...
androidx.loader.R$style
kotlin.UIntArray$Iterator
kotlin.collections.ArraysKt
androidx.core.net.ConnectivityManagerCompat
kotlin.comparisons.ComparisonsKt__ComparisonsKt$compareBy$1
kotlin.text.MatcherMatchResult$groupValues$1
androidx.core.content.res.ResourcesCompat$FontCallback$2
androidx.customview.R$styleable
kotlin.js.JsName
kotlin.reflect.TypeOfKt
io.flutter.embedding.engine.FlutterEngineConnectionRegistry:
    public void add(java.util.Set)
    public io.flutter.embedding.engine.plugins.FlutterPlugin get(java.lang.Class)
    public void attachToActivity(android.app.Activity,androidx.lifecycle.Lifecycle)
    public void attachToService(android.app.Service,androidx.lifecycle.Lifecycle,boolean)
    public void onMoveToForeground()
    public void onMoveToBackground()
    public void attachToBroadcastReceiver(android.content.BroadcastReceiver,androidx.lifecycle.Lifecycle)
    public void attachToContentProvider(android.content.ContentProvider,androidx.lifecycle.Lifecycle)
    private static final java.lang.String TAG
org.intellij.lang.annotations.JdkConstants
kotlin.collections.ArraysKt___ArraysJvmKt$asList$7
kotlin.coroutines.CoroutineContext$Key
androidx.core.app.JobIntentService$JobServiceEngineImpl$WrapperWorkItem
kotlin.reflect.KAnnotatedElement
androidx.core.view.ViewPropertyAnimatorCompat$ViewPropertyAnimatorListenerApi14
kotlin.sequences.USequencesKt
androidx.core.app.NotificationCompatSideChannelService$NotificationSideChannelStub
androidx.activity.R$integer
org.intellij.lang.annotations.PrintFormatPattern
io.flutter.plugins.sharedpreferences.R$string
kotlin.ranges.URangesKt___URangesKt
kotlin.coroutines.experimental.SafeContinuation$Fail
kotlin.collections.ArraysKt___ArraysKt$asSequence$$inlined$Sequence$4
kotlin.sequences.SequencesKt___SequencesKt$filterIndexed$1
kotlin.reflect.KProperty1$Getter
kotlin.reflect.KDeclarationContainer
kotlin.coroutines.jvm.internal.DebugProbesKt
kotlin.collections.AbstractMap$values$1
androidx.lifecycle.ViewModelStoreOwner
androidx.core.content.SharedPreferencesCompat
androidx.lifecycle.MutableLiveData
io.flutter.view.FlutterRunArguments
kotlin.jvm.JvmWildcard
androidx.core.content.res.FontResourcesParserCompat$FetchStrategy
kotlin.coroutines.experimental.SequenceBuilderIterator
io.flutter.embedding.android.FlutterFragmentActivity$NewEngineIntentBuilder
kotlin.collections.AbstractList$IteratorImpl
androidx.core.view.GestureDetectorCompat$GestureDetectorCompatImpl
kotlin.comparisons.NaturalOrderComparator
androidx.core.hardware.fingerprint.FingerprintManagerCompat
androidx.annotation.LongDef
kotlin.collections.AbstractMutableList
androidx.core.app.ActivityRecreator$2
androidx.lifecycle.livedata.R
kotlin.reflect.KMutableProperty0
kotlin.text.StringsKt__IndentKt$getIndentFunction$1
kotlin.sequences.FlatteningSequence
androidx.viewpager.widget.PagerTabStrip$2
kotlin.concurrent.TimersKt
kotlin.coroutines.intrinsics.CoroutineSingletons
kotlin.PreconditionsKt__AssertionsJVMKt
io.flutter.embedding.engine.dart.DartExecutor$DefaultBinaryMessenger:
    public void send(java.lang.String,java.nio.ByteBuffer)
kotlin.text.StringsKt___StringsKt$windowedSequence$2
androidx.core.app.ServiceCompat
kotlin.jvm.internal.ReflectionFactory
kotlin.comparisons.ComparisonsKt__ComparisonsKt$compareByDescending$2
androidx.activity.ComponentActivity$3:
    void <init>(androidx.activity.ComponentActivity)
androidx.loader.content.ModernAsyncTask$2
io.flutter.app.FlutterActivityEvents
io.flutter.view.FlutterView$FirstFrameListener
kotlin.ranges.UIntProgressionIterator
kotlin.coroutines.experimental.migration.ExperimentalContinuationMigration
kotlin.io.FileTreeWalk$FileTreeWalkIterator$TopDownDirectoryState
androidx.fragment.app.BackStackRecord
androidx.loader.content.ModernAsyncTask$WorkerRunnable
kotlin.collections.ArraysKt___ArraysKt$withIndex$6
androidx.core.content.FileProvider
kotlin.text.CharDirectionality$Companion
kotlin.ranges.CharProgressionIterator
kotlin.jvm.internal.Ref$IntRef